<?xml version="1.0" encoding="UTF-8"?>
<testsuite xmlns:xsi="http://www.w3.org/2001/XMLSchema-instance" xsi:noNamespaceSchemaLocation="https://maven.apache.org/surefire/maven-surefire-plugin/xsd/surefire-test-report.xsd" name="com.trivera.StringAssemblerTest" time="0.003" tests="7" errors="0" skipped="0" failures="0">
  <properties>
    <property name="gopherProxySet" value="false"/>
    <property name="awt.toolkit" value="sun.lwawt.macosx.LWCToolkit"/>
    <property name="java.specification.version" value="11"/>
    <property name="sun.cpu.isalist" value=""/>
    <property name="sun.jnu.encoding" value="UTF-8"/>
    <property name="java.class.path" value="/Users/atul/Downloads/TT3365_SpringREST_GK-JPMC_StudentMaterials_20200824/StudentWork/tutorial/IntelliJ-maven/lab-code/target/test-classes:/Users/atul/Downloads/TT3365_SpringREST_GK-JPMC_StudentMaterials_20200824/StudentWork/tutorial/IntelliJ-maven/lab-code/target/classes:/Users/atul/Documents/Projects.nosync/intellijrepo/org/junit/jupiter/junit-jupiter/5.4.0/junit-jupiter-5.4.0.jar:/Users/atul/Documents/Projects.nosync/intellijrepo/org/junit/jupiter/junit-jupiter-api/5.4.0/junit-jupiter-api-5.4.0.jar:/Users/atul/Documents/Projects.nosync/intellijrepo/org/opentest4j/opentest4j/1.1.1/opentest4j-1.1.1.jar:/Users/atul/Documents/Projects.nosync/intellijrepo/org/junit/platform/junit-platform-commons/1.4.0/junit-platform-commons-1.4.0.jar:/Users/atul/Documents/Projects.nosync/intellijrepo/org/junit/jupiter/junit-jupiter-params/5.4.0/junit-jupiter-params-5.4.0.jar:/Users/atul/Documents/Projects.nosync/intellijrepo/org/junit/jupiter/junit-jupiter-engine/5.4.0/junit-jupiter-engine-5.4.0.jar:/Users/atul/Documents/Projects.nosync/intellijrepo/org/junit/vintage/junit-vintage-engine/5.4.0/junit-vintage-engine-5.4.0.jar:/Users/atul/Documents/Projects.nosync/intellijrepo/org/apiguardian/apiguardian-api/1.0.0/apiguardian-api-1.0.0.jar:/Users/atul/Documents/Projects.nosync/intellijrepo/org/junit/platform/junit-platform-engine/1.4.0/junit-platform-engine-1.4.0.jar:/Users/atul/Documents/Projects.nosync/intellijrepo/junit/junit/4.12/junit-4.12.jar:/Users/atul/Documents/Projects.nosync/intellijrepo/org/hamcrest/hamcrest-core/1.3/hamcrest-core-1.3.jar:"/>
    <property name="java.vm.vendor" value="AdoptOpenJDK"/>
    <property name="sun.arch.data.model" value="64"/>
    <property name="java.vendor.url" value="https://adoptopenjdk.net/"/>
    <property name="user.timezone" value=""/>
    <property name="java.vm.specification.version" value="11"/>
    <property name="os.name" value="Mac OS X"/>
    <property name="sun.java.launcher" value="SUN_STANDARD"/>
    <property name="user.country" value="US"/>
    <property name="sun.boot.library.path" value="/Library/Java/JavaVirtualMachines/adoptopenjdk-11.jdk/Contents/Home/lib"/>
    <property name="sun.java.command" value="/Users/atul/Downloads/TT3365_SpringREST_GK-JPMC_StudentMaterials_20200824/StudentWork/tutorial/IntelliJ-maven/lab-code/target/surefire/surefirebooter17915790785686409620.jar /Users/atul/Downloads/TT3365_SpringREST_GK-JPMC_StudentMaterials_20200824/StudentWork/tutorial/IntelliJ-maven/lab-code/target/surefire 2020-08-24T10-25-50_591-jvmRun1 surefire17639298735873243230tmp surefire_09337411626606230972tmp"/>
    <property name="http.nonProxyHosts" value="local|*.local|169.254/16|*.169.254/16"/>
    <property name="jdk.debug" value="release"/>
    <property name="surefire.test.class.path" value="/Users/atul/Downloads/TT3365_SpringREST_GK-JPMC_StudentMaterials_20200824/StudentWork/tutorial/IntelliJ-maven/lab-code/target/test-classes:/Users/atul/Downloads/TT3365_SpringREST_GK-JPMC_StudentMaterials_20200824/StudentWork/tutorial/IntelliJ-maven/lab-code/target/classes:/Users/atul/Documents/Projects.nosync/intellijrepo/org/junit/jupiter/junit-jupiter/5.4.0/junit-jupiter-5.4.0.jar:/Users/atul/Documents/Projects.nosync/intellijrepo/org/junit/jupiter/junit-jupiter-api/5.4.0/junit-jupiter-api-5.4.0.jar:/Users/atul/Documents/Projects.nosync/intellijrepo/org/opentest4j/opentest4j/1.1.1/opentest4j-1.1.1.jar:/Users/atul/Documents/Projects.nosync/intellijrepo/org/junit/platform/junit-platform-commons/1.4.0/junit-platform-commons-1.4.0.jar:/Users/atul/Documents/Projects.nosync/intellijrepo/org/junit/jupiter/junit-jupiter-params/5.4.0/junit-jupiter-params-5.4.0.jar:/Users/atul/Documents/Projects.nosync/intellijrepo/org/junit/jupiter/junit-jupiter-engine/5.4.0/junit-jupiter-engine-5.4.0.jar:/Users/atul/Documents/Projects.nosync/intellijrepo/org/junit/vintage/junit-vintage-engine/5.4.0/junit-vintage-engine-5.4.0.jar:/Users/atul/Documents/Projects.nosync/intellijrepo/org/apiguardian/apiguardian-api/1.0.0/apiguardian-api-1.0.0.jar:/Users/atul/Documents/Projects.nosync/intellijrepo/org/junit/platform/junit-platform-engine/1.4.0/junit-platform-engine-1.4.0.jar:/Users/atul/Documents/Projects.nosync/intellijrepo/junit/junit/4.12/junit-4.12.jar:/Users/atul/Documents/Projects.nosync/intellijrepo/org/hamcrest/hamcrest-core/1.3/hamcrest-core-1.3.jar:"/>
    <property name="sun.cpu.endian" value="little"/>
    <property name="user.home" value="/Users/atul"/>
    <property name="user.language" value="en"/>
    <property name="java.specification.vendor" value="Oracle Corporation"/>
    <property name="java.version.date" value="2020-07-14"/>
    <property name="java.home" value="/Library/Java/JavaVirtualMachines/adoptopenjdk-11.jdk/Contents/Home"/>
    <property name="file.separator" value="/"/>
    <property name="basedir" value="/Users/atul/Downloads/TT3365_SpringREST_GK-JPMC_StudentMaterials_20200824/StudentWork/tutorial/IntelliJ-maven/lab-code"/>
    <property name="java.vm.compressedOopsMode" value="Zero based"/>
    <property name="line.separator" value="&#10;"/>
    <property name="java.specification.name" value="Java Platform API Specification"/>
    <property name="java.vm.specification.vendor" value="Oracle Corporation"/>
    <property name="java.awt.graphicsenv" value="sun.awt.CGraphicsEnvironment"/>
    <property name="surefire.real.class.path" value="/Users/atul/Downloads/TT3365_SpringREST_GK-JPMC_StudentMaterials_20200824/StudentWork/tutorial/IntelliJ-maven/lab-code/target/surefire/surefirebooter17915790785686409620.jar"/>
    <property name="sun.management.compiler" value="HotSpot 64-Bit Tiered Compilers"/>
    <property name="ftp.nonProxyHosts" value="local|*.local|169.254/16|*.169.254/16"/>
    <property name="java.runtime.version" value="11.0.8+10"/>
    <property name="user.name" value="atul"/>
    <property name="path.separator" value=":"/>
    <property name="os.version" value="10.15.5"/>
    <property name="java.runtime.name" value="OpenJDK Runtime Environment"/>
    <property name="file.encoding" value="UTF-8"/>
    <property name="java.vm.name" value="OpenJDK 64-Bit Server VM"/>
    <property name="java.vendor.version" value="AdoptOpenJDK"/>
    <property name="localRepository" value="/Users/atul/Documents/Projects.nosync/intellijrepo"/>
    <property name="java.vendor.url.bug" value="https://github.com/AdoptOpenJDK/openjdk-support/issues"/>
    <property name="java.io.tmpdir" value="/var/folders/38/j22q8lln0m9cnh7mtjkq4yp40000gn/T/"/>
    <property name="idea.version" value="2020.2"/>
    <property name="java.version" value="11.0.8"/>
    <property name="user.dir" value="/Users/atul/Downloads/TT3365_SpringREST_GK-JPMC_StudentMaterials_20200824/StudentWork/tutorial/IntelliJ-maven/lab-code"/>
    <property name="os.arch" value="x86_64"/>
    <property name="java.vm.specification.name" value="Java Virtual Machine Specification"/>
    <property name="java.awt.printerjob" value="sun.lwawt.macosx.CPrinterJob"/>
    <property name="sun.os.patch.level" value="unknown"/>
    <property name="java.library.path" value="/Users/atul/Library/Java/Extensions:/Library/Java/Extensions:/Network/Library/Java/Extensions:/System/Library/Java/Extensions:/usr/lib/java:."/>
    <property name="java.vm.info" value="mixed mode"/>
    <property name="java.vendor" value="AdoptOpenJDK"/>
    <property name="java.vm.version" value="11.0.8+10"/>
    <property name="sun.io.unicode.encoding" value="UnicodeBig"/>
    <property name="maven.repo.local" value="/Users/atul/Documents/Projects.nosync/intellijrepo"/>
    <property name="java.class.version" value="55.0"/>
    <property name="socksNonProxyHosts" value="local|*.local|169.254/16|*.169.254/16"/>
  </properties>
  <testcase name="testNull" classname="com.trivera.StringAssemblerTest" time="0"/>
  <testcase name="test" classname="com.trivera.StringAssemblerTest" time="0.001"/>
  <testcase name="test1" classname="com.trivera.StringAssemblerTest" time="0"/>
  <testcase name="test2" classname="com.trivera.StringAssemblerTest" time="0"/>
  <testcase name="test3" classname="com.trivera.StringAssemblerTest" time="0"/>
  <testcase name="test4" classname="com.trivera.StringAssemblerTest" time="0"/>
  <testcase name="test5" classname="com.trivera.StringAssemblerTest" time="0"/>
</testsuite>